::1 - - [03/Feb/2017:13:14:06 +0100] "GET / HTTP/1.1" 200 151
::1 - - [03/Feb/2017:13:14:07 +0100] "GET /favicon.ico HTTP/1.1" 404 209
::1 - - [03/Feb/2017:13:17:29 +0100] "GET / HTTP/1.1" 200 160
::1 - - [03/Feb/2017:13:18:12 +0100] "GET / HTTP/1.1" 200 3898
::1 - - [03/Feb/2017:13:18:42 +0100] "GET / HTTP/1.1" 200 5135
::1 - - [03/Feb/2017:13:18:42 +0100] "GET /jumbotron.css HTTP/1.1" 200 132
::1 - - [03/Feb/2017:13:18:42 +0100] "GET /custom.css HTTP/1.1" 200 224
::1 - - [03/Feb/2017:13:18:42 +0100] "GET /bootstrap_2/assets/js/ie-emulation-modes-warning.js HTTP/1.1" 404 249
::1 - - [03/Feb/2017:13:18:42 +0100] "GET /bootstrap_2/dist/css/bootstrap.min.css HTTP/1.1" 200 121200
::1 - - [03/Feb/2017:13:18:42 +0100] "GET /bootstrap_2/dist/css/bootstrap.css HTTP/1.1" 200 146010
::1 - - [03/Feb/2017:13:18:42 +0100] "GET / HTTP/1.1" 200 5135
::1 - - [03/Feb/2017:13:18:42 +0100] "GET /bootstrap_2/assets/js/ie-emulation-modes-warning.js HTTP/1.1" 404 249
::1 - - [03/Feb/2017:13:18:42 +0100] "GET /bootstrap_2/docs/favicon.ico HTTP/1.1" 200 5430
::1 - - [03/Feb/2017:13:18:42 +0100] "GET /bootstrap_2/assets/js/ie-emulation-modes-warning.js HTTP/1.1" 404 249
::1 - - [03/Feb/2017:13:18:43 +0100] "GET /bootstrap_2/docs/favicon.ico HTTP/1.1" 200 5430
::1 - - [03/Feb/2017:13:18:50 +0100] "GET /?page/inc/homepage.php HTTP/1.1" 200 5135
::1 - - [03/Feb/2017:13:18:50 +0100] "GET /bootstrap_2/assets/js/ie-emulation-modes-warning.js HTTP/1.1" 404 249
::1 - - [03/Feb/2017:13:18:51 +0100] "GET /?page/inc/Joas.php HTTP/1.1" 200 5135
::1 - - [03/Feb/2017:13:18:51 +0100] "GET /bootstrap_2/assets/js/ie-emulation-modes-warning.js HTTP/1.1" 404 249
::1 - - [03/Feb/2017:13:18:52 +0100] "GET /?page/inc/Sylvano.php HTTP/1.1" 200 5135
::1 - - [03/Feb/2017:13:18:52 +0100] "GET /bootstrap_2/assets/js/ie-emulation-modes-warning.js HTTP/1.1" 404 249
::1 - - [03/Feb/2017:13:18:54 +0100] "GET /?page/inc/School.php HTTP/1.1" 200 5135
::1 - - [03/Feb/2017:13:18:54 +0100] "GET /bootstrap_2/assets/js/ie-emulation-modes-warning.js HTTP/1.1" 404 249
::1 - - [03/Feb/2017:13:18:56 +0100] "GET /?page/inc/homepage.php HTTP/1.1" 200 5135
::1 - - [03/Feb/2017:13:18:56 +0100] "GET /bootstrap_2/assets/js/ie-emulation-modes-warning.js HTTP/1.1" 404 249
::1 - - [03/Feb/2017:13:20:38 +0100] "GET /?page/inc/homepage.php HTTP/1.1" 200 5135
::1 - - [03/Feb/2017:13:20:38 +0100] "GET /?page/inc/homepage.php HTTP/1.1" 200 5135
::1 - - [03/Feb/2017:13:20:38 +0100] "GET /bootstrap_2/assets/js/ie-emulation-modes-warning.js HTTP/1.1" 404 249
::1 - - [03/Feb/2017:13:20:39 +0100] "GET /bootstrap_2/docs/favicon.ico HTTP/1.1" 200 5430
::1 - - [03/Feb/2017:13:20:40 +0100] "GET /?page/inc/Joas.php HTTP/1.1" 200 5135
::1 - - [03/Feb/2017:13:20:40 +0100] "GET /bootstrap_2/assets/js/ie-emulation-modes-warning.js HTTP/1.1" 404 249
::1 - - [03/Feb/2017:13:20:41 +0100] "GET /?page/inc/Sylvano.php HTTP/1.1" 200 5135
::1 - - [03/Feb/2017:13:20:41 +0100] "GET /bootstrap_2/assets/js/ie-emulation-modes-warning.js HTTP/1.1" 404 249
::1 - - [03/Feb/2017:13:20:42 +0100] "GET /?page/inc/School.php HTTP/1.1" 200 5135
::1 - - [03/Feb/2017:13:20:42 +0100] "GET /bootstrap_2/assets/js/ie-emulation-modes-warning.js HTTP/1.1" 404 249
::1 - - [03/Feb/2017:13:20:43 +0100] "GET /?page/inc/Joas.php HTTP/1.1" 200 5135
::1 - - [03/Feb/2017:13:20:43 +0100] "GET /bootstrap_2/assets/js/ie-emulation-modes-warning.js HTTP/1.1" 404 249
::1 - - [03/Feb/2017:13:21:36 +0100] "GET /?page/inc/Joas.php HTTP/1.1" 200 5139
::1 - - [03/Feb/2017:13:21:36 +0100] "GET /?page/inc/Joas.php HTTP/1.1" 200 5139
::1 - - [03/Feb/2017:13:21:36 +0100] "GET /bootstrap_2/assets/js/ie-emulation-modes-warning.js HTTP/1.1" 404 249
::1 - - [03/Feb/2017:13:21:36 +0100] "GET /bootstrap_2/docs/favicon.ico HTTP/1.1" 200 5430
::1 - - [03/Feb/2017:13:21:37 +0100] "GET /?page=/inc/Sylvano.php HTTP/1.1" 200 5139
::1 - - [03/Feb/2017:13:21:37 +0100] "GET /bootstrap_2/assets/js/ie-emulation-modes-warning.js HTTP/1.1" 404 249
::1 - - [03/Feb/2017:13:21:38 +0100] "GET /?page=/inc/School.php HTTP/1.1" 200 5139
::1 - - [03/Feb/2017:13:21:38 +0100] "GET /bootstrap_2/assets/js/ie-emulation-modes-warning.js HTTP/1.1" 404 249
::1 - - [03/Feb/2017:13:22:15 +0100] "GET /?page=/inc/Joas.php HTTP/1.1" 200 5135
::1 - - [03/Feb/2017:13:22:15 +0100] "GET /?page=/inc/School.php HTTP/1.1" 200 5135
::1 - - [03/Feb/2017:13:22:15 +0100] "GET /?page=/inc/Sylvano.php HTTP/1.1" 200 5135
::1 - - [03/Feb/2017:13:22:15 +0100] "GET /bootstrap_2/assets/js/ie-emulation-modes-warning.js HTTP/1.1" 404 249
::1 - - [03/Feb/2017:13:22:17 +0100] "GET /?page=%22inc/Joas.php%22 HTTP/1.1" 200 5135
::1 - - [03/Feb/2017:13:22:17 +0100] "GET /bootstrap_2/assets/js/ie-emulation-modes-warning.js HTTP/1.1" 404 249
::1 - - [03/Feb/2017:13:23:37 +0100] "GET /?page=%22inc/Joas.php%22 HTTP/1.1" 200 5135
::1 - - [03/Feb/2017:13:23:37 +0100] "GET /?page=%22inc/homepage.php%22 HTTP/1.1" 200 5135
::1 - - [03/Feb/2017:13:23:37 +0100] "GET /bootstrap_2/dist/css/bootstrap.min.css HTTP/1.1" 304 -
::1 - - [03/Feb/2017:13:23:37 +0100] "GET /jumbotron.css HTTP/1.1" 304 -
::1 - - [03/Feb/2017:13:23:37 +0100] "GET /custom.css HTTP/1.1" 304 -
::1 - - [03/Feb/2017:13:23:37 +0100] "GET /bootstrap_2/dist/css/bootstrap.css HTTP/1.1" 304 -
::1 - - [03/Feb/2017:13:23:37 +0100] "GET /bootstrap_2/assets/js/ie-emulation-modes-warning.js HTTP/1.1" 404 249
::1 - - [03/Feb/2017:13:23:40 +0100] "GET /?page=inc/Joas.php HTTP/1.1" 200 5018
::1 - - [03/Feb/2017:13:23:40 +0100] "GET /bootstrap_2/assets/js/ie-emulation-modes-warning.js HTTP/1.1" 404 249
::1 - - [03/Feb/2017:13:23:40 +0100] "GET /bootstrap_2/dist/css/bootstrap.js HTTP/1.1" 404 231
::1 - - [03/Feb/2017:13:23:40 +0100] "GET /bootstrap_2/docs/assets/js/ie10-viewport-bug-workaround.js HTTP/1.1" 200 641
::1 - - [03/Feb/2017:13:23:40 +0100] "GET /bootstrap_2/docs/dist/js/bootstrap.min.js HTTP/1.1" 200 37045
::1 - - [03/Feb/2017:13:23:40 +0100] "GET /bootstrap_2/assets/js/ie-emulation-modes-warning.js HTTP/1.1" 404 249
::1 - - [03/Feb/2017:13:23:43 +0100] "GET /Sylvano.php HTTP/1.1" 404 209
::1 - - [03/Feb/2017:13:24:10 +0100] "GET /Sylvano.php HTTP/1.1" 404 209
::1 - - [03/Feb/2017:13:24:15 +0100] "GET /School.php HTTP/1.1" 404 208
::1 - - [03/Feb/2017:13:25:12 +0100] "GET /?page=inc/Joas.php HTTP/1.1" 200 5018
::1 - - [03/Feb/2017:13:25:12 +0100] "GET /bootstrap_2/assets/js/ie-emulation-modes-warning.js HTTP/1.1" 404 249
::1 - - [03/Feb/2017:13:25:12 +0100] "GET /bootstrap_2/dist/css/bootstrap.js HTTP/1.1" 404 231
::1 - - [03/Feb/2017:13:25:12 +0100] "GET /bootstrap_2/assets/js/ie-emulation-modes-warning.js HTTP/1.1" 404 249
::1 - - [03/Feb/2017:13:25:13 +0100] "GET /bootstrap_2/docs/favicon.ico HTTP/1.1" 200 5430
::1 - - [03/Feb/2017:13:25:13 +0100] "GET /?page=inc/Joas.php HTTP/1.1" 200 5018
::1 - - [03/Feb/2017:13:25:13 +0100] "GET /bootstrap_2/assets/js/ie-emulation-modes-warning.js HTTP/1.1" 404 249
::1 - - [03/Feb/2017:13:25:13 +0100] "GET /bootstrap_2/dist/css/bootstrap.js HTTP/1.1" 404 231
::1 - - [03/Feb/2017:13:25:13 +0100] "GET /bootstrap_2/assets/js/ie-emulation-modes-warning.js HTTP/1.1" 404 249
::1 - - [03/Feb/2017:13:25:14 +0100] "GET /bootstrap_2/docs/favicon.ico HTTP/1.1" 200 5430
::1 - - [03/Feb/2017:13:25:14 +0100] "GET /?page=inc/Joas.php HTTP/1.1" 200 5018
::1 - - [03/Feb/2017:13:25:14 +0100] "GET /?page=inc/Joas.php HTTP/1.1" 200 5018
::1 - - [03/Feb/2017:13:25:14 +0100] "GET /bootstrap_2/assets/js/ie-emulation-modes-warning.js HTTP/1.1" 404 249
::1 - - [03/Feb/2017:13:25:14 +0100] "GET /bootstrap_2/dist/css/bootstrap.js HTTP/1.1" 404 231
::1 - - [03/Feb/2017:13:25:14 +0100] "GET /bootstrap_2/assets/js/ie-emulation-modes-warning.js HTTP/1.1" 404 249
::1 - - [03/Feb/2017:13:25:14 +0100] "GET /?page=inc/Joas.php HTTP/1.1" 200 5018
::1 - - [03/Feb/2017:13:25:14 +0100] "GET /bootstrap_2/assets/js/ie-emulation-modes-warning.js HTTP/1.1" 404 249
::1 - - [03/Feb/2017:13:25:14 +0100] "GET /bootstrap_2/dist/css/bootstrap.js HTTP/1.1" 404 231
::1 - - [03/Feb/2017:13:25:14 +0100] "GET /bootstrap_2/assets/js/ie-emulation-modes-warning.js HTTP/1.1" 404 249
::1 - - [03/Feb/2017:13:25:14 +0100] "GET /bootstrap_2/docs/favicon.ico HTTP/1.1" 200 5430
::1 - - [03/Feb/2017:13:25:15 +0100] "GET /index.php HTTP/1.1" 200 5135
::1 - - [03/Feb/2017:13:25:15 +0100] "GET /bootstrap_2/assets/js/ie-emulation-modes-warning.js HTTP/1.1" 404 249
::1 - - [03/Feb/2017:13:25:16 +0100] "GET /Portfolio_keuze.php HTTP/1.1" 404 217
::1 - - [03/Feb/2017:13:25:19 +0100] "GET /index.php?page=inc/Sylvano.php HTTP/1.1" 200 2632
::1 - - [03/Feb/2017:13:25:19 +0100] "GET /bootstrap_2/assets/js/ie-emulation-modes-warning.js HTTP/1.1" 404 249
::1 - - [03/Feb/2017:13:26:01 +0100] "GET /index.php?page=inc/Sylvano.php HTTP/1.1" 200 2632
::1 - - [03/Feb/2017:13:26:02 +0100] "GET /bootstrap_2/assets/js/ie-emulation-modes-warning.js HTTP/1.1" 404 249
::1 - - [03/Feb/2017:13:26:04 +0100] "GET /index.php?page=inc/Joas.php HTTP/1.1" 200 5018
::1 - - [03/Feb/2017:13:26:04 +0100] "GET /bootstrap_2/assets/js/ie-emulation-modes-warning.js HTTP/1.1" 404 249
::1 - - [03/Feb/2017:13:26:04 +0100] "GET /bootstrap_2/dist/css/bootstrap.js HTTP/1.1" 404 231
::1 - - [03/Feb/2017:13:26:04 +0100] "GET /bootstrap_2/assets/js/ie-emulation-modes-warning.js HTTP/1.1" 404 249
::1 - - [03/Feb/2017:13:26:20 +0100] "GET /index.php?page=inc/Joas.php HTTP/1.1" 200 3086
::1 - - [03/Feb/2017:13:26:20 +0100] "GET /bootstrap_2/assets/js/ie-emulation-modes-warning.js HTTP/1.1" 404 249
::1 - - [03/Feb/2017:13:26:21 +0100] "GET /bootstrap_2/docs/favicon.ico HTTP/1.1" 200 5430
::1 - - [03/Feb/2017:13:26:34 +0100] "GET /index.php?page=inc/Joas.php HTTP/1.1" 200 2633
::1 - - [03/Feb/2017:13:26:34 +0100] "GET /index.php?page=inc/Sylvano.php HTTP/1.1" 200 2632
::1 - - [03/Feb/2017:13:26:35 +0100] "GET /bootstrap_2/assets/js/ie-emulation-modes-warning.js HTTP/1.1" 404 249
::1 - - [03/Feb/2017:13:29:17 +0100] "GET /index.php?page=inc/Sylvano.php HTTP/1.1" 200 2620
::1 - - [03/Feb/2017:13:29:18 +0100] "GET /jumbotron.css HTTP/1.1" 304 -
::1 - - [03/Feb/2017:13:29:18 +0100] "GET /bootstrap_2/dist/css/bootstrap.min.css HTTP/1.1" 304 -
::1 - - [03/Feb/2017:13:29:18 +0100] "GET /custom.css HTTP/1.1" 304 -
::1 - - [03/Feb/2017:13:29:18 +0100] "GET /bootstrap_2/assets/js/ie-emulation-modes-warning.js HTTP/1.1" 404 249
::1 - - [03/Feb/2017:13:29:18 +0100] "GET /bootstrap_2/dist/css/bootstrap.css HTTP/1.1" 304 -
::1 - - [03/Feb/2017:13:29:18 +0100] "GET /bootstrap_2/docs/favicon.ico HTTP/1.1" 200 5430
::1 - - [03/Feb/2017:13:29:20 +0100] "GET /index.php?page=inc/Joas.php HTTP/1.1" 200 2633
::1 - - [03/Feb/2017:13:29:20 +0100] "GET /bootstrap_2/assets/js/ie-emulation-modes-warning.js HTTP/1.1" 404 249
::1 - - [03/Feb/2017:13:29:23 +0100] "GET /index.php?page=inc/homepage.php HTTP/1.1" 200 5135
::1 - - [03/Feb/2017:13:29:23 +0100] "GET /bootstrap_2/assets/js/ie-emulation-modes-warning.js HTTP/1.1" 404 249
::1 - - [03/Feb/2017:13:29:24 +0100] "GET /index.php?page=inc/Joas.php HTTP/1.1" 200 2633
::1 - - [03/Feb/2017:13:29:24 +0100] "GET /bootstrap_2/assets/js/ie-emulation-modes-warning.js HTTP/1.1" 404 249
::1 - - [03/Feb/2017:13:31:17 +0100] "GET /index.php?page=inc/homepage.php HTTP/1.1" 200 5135
::1 - - [03/Feb/2017:13:31:17 +0100] "GET /index.php?page=inc/Joas.php HTTP/1.1" 200 2633
::1 - - [03/Feb/2017:13:31:17 +0100] "GET /bootstrap_2/assets/js/ie-emulation-modes-warning.js HTTP/1.1" 404 249
::1 - - [03/Feb/2017:13:31:18 +0100] "GET /index.php?page=inc/Joas.php HTTP/1.1" 200 2633
::1 - - [03/Feb/2017:13:31:18 +0100] "GET /bootstrap_2/assets/js/ie-emulation-modes-warning.js HTTP/1.1" 404 249
::1 - - [03/Feb/2017:13:31:20 +0100] "GET /index.php?page=inc/Sylvano.php HTTP/1.1" 200 2620
::1 - - [03/Feb/2017:13:31:21 +0100] "GET /bootstrap_2/assets/js/ie-emulation-modes-warning.js HTTP/1.1" 404 249
::1 - - [03/Feb/2017:13:31:22 +0100] "GET /index.php?page=inc/School.php HTTP/1.1" 200 5135
::1 - - [03/Feb/2017:13:31:22 +0100] "GET /bootstrap_2/assets/js/ie-emulation-modes-warning.js HTTP/1.1" 404 249
::1 - - [03/Feb/2017:13:32:08 +0100] "GET /index.php?page=inc/School.php HTTP/1.1" 200 5135
::1 - - [03/Feb/2017:13:32:08 +0100] "GET /bootstrap_2/assets/js/ie-emulation-modes-warning.js HTTP/1.1" 404 249
::1 - - [03/Feb/2017:13:32:08 +0100] "GET /bootstrap_2/docs/favicon.ico HTTP/1.1" 200 5430
::1 - - [03/Feb/2017:13:32:38 +0100] "GET /index.php?page=inc/School.php HTTP/1.1" 200 5147
::1 - - [03/Feb/2017:13:32:38 +0100] "GET /bootstrap_2/assets/js/ie-emulation-modes-warning.js HTTP/1.1" 404 249
::1 - - [03/Feb/2017:13:32:38 +0100] "GET /bootstrap_2/docs/favicon.ico HTTP/1.1" 200 5430
::1 - - [03/Feb/2017:13:32:48 +0100] "GET / HTTP/1.1" 200 5147
::1 - - [03/Feb/2017:13:32:48 +0100] "GET /bootstrap_2/assets/js/ie-emulation-modes-warning.js HTTP/1.1" 404 249
::1 - - [03/Feb/2017:13:32:48 +0100] "GET /bootstrap_2/assets/js/ie-emulation-modes-warning.js HTTP/1.1" 404 249
::1 - - [03/Feb/2017:13:33:28 +0100] "GET / HTTP/1.1" 200 5293
::1 - - [03/Feb/2017:13:33:28 +0100] "GET /bootstrap_2/assets/js/ie-emulation-modes-warning.js HTTP/1.1" 404 249
::1 - - [03/Feb/2017:13:33:28 +0100] "GET /bootstrap_2/docs/favicon.ico HTTP/1.1" 200 5430
::1 - - [03/Feb/2017:13:33:29 +0100] "GET /index.php HTTP/1.1" 200 5293
::1 - - [03/Feb/2017:13:33:29 +0100] "GET /bootstrap_2/assets/js/ie-emulation-modes-warning.js HTTP/1.1" 404 249
::1 - - [03/Feb/2017:13:34:08 +0100] "GET /index.php HTTP/1.1" 200 5739
::1 - - [03/Feb/2017:13:34:08 +0100] "GET /bootstrap_2/assets/js/ie-emulation-modes-warning.js HTTP/1.1" 404 249
::1 - - [03/Feb/2017:13:34:08 +0100] "GET /bootstrap_2/docs/dist/js/bootstrap.min.js HTTP/1.1" 304 -
::1 - - [03/Feb/2017:13:34:08 +0100] "GET /bootstrap_2/docs/assets/js/ie10-viewport-bug-workaround.js HTTP/1.1" 304 -
::1 - - [03/Feb/2017:13:34:08 +0100] "GET /bootstrap_2/docs/favicon.ico HTTP/1.1" 200 5430
::1 - - [03/Feb/2017:13:34:13 +0100] "GET /index.php?page=inc/Sylvano.php HTTP/1.1" 200 3224
::1 - - [03/Feb/2017:13:34:13 +0100] "GET /bootstrap_2/assets/js/ie-emulation-modes-warning.js HTTP/1.1" 404 249
::1 - - [03/Feb/2017:13:34:17 +0100] "GET /index.php?page=inc/Joas.php HTTP/1.1" 200 3237
::1 - - [03/Feb/2017:13:34:17 +0100] "GET /bootstrap_2/assets/js/ie-emulation-modes-warning.js HTTP/1.1" 404 249
::1 - - [03/Feb/2017:13:34:22 +0100] "GET /index.php?page=inc/Sylvano.php HTTP/1.1" 200 3224
::1 - - [03/Feb/2017:13:34:22 +0100] "GET /bootstrap_2/assets/js/ie-emulation-modes-warning.js HTTP/1.1" 404 249
::1 - - [03/Feb/2017:13:43:49 +0100] "GET /index.php?page=inc/Sylvano.php HTTP/1.1" 200 3224
::1 - - [03/Feb/2017:13:43:49 +0100] "GET /bootstrap_2/dist/css/bootstrap.min.css HTTP/1.1" 304 -
::1 - - [03/Feb/2017:13:43:49 +0100] "GET /bootstrap_2/dist/css/bootstrap.css HTTP/1.1" 304 -
::1 - - [03/Feb/2017:13:43:49 +0100] "GET /jumbotron.css HTTP/1.1" 304 -
::1 - - [03/Feb/2017:13:43:49 +0100] "GET /custom.css HTTP/1.1" 304 -
::1 - - [03/Feb/2017:13:43:49 +0100] "GET /bootstrap_2/assets/js/ie-emulation-modes-warning.js HTTP/1.1" 404 249
::1 - - [03/Feb/2017:13:43:49 +0100] "GET /bootstrap_2/docs/dist/js/bootstrap.min.js HTTP/1.1" 304 -
::1 - - [03/Feb/2017:13:43:49 +0100] "GET /bootstrap_2/docs/assets/js/ie10-viewport-bug-workaround.js HTTP/1.1" 304 -
::1 - - [03/Feb/2017:13:43:49 +0100] "GET /bootstrap_2/docs/favicon.ico HTTP/1.1" 200 5430
::1 - - [03/Feb/2017:13:43:49 +0100] "GET /index.php?page=inc/homepage.php HTTP/1.1" 200 5856
::1 - - [03/Feb/2017:13:43:49 +0100] "GET /bootstrap_2/assets/js/ie-emulation-modes-warning.js HTTP/1.1" 404 249
::1 - - [03/Feb/2017:13:43:51 +0100] "GET /index.php?page=inc/opdrachten.php HTTP/1.1" 200 3029
::1 - - [03/Feb/2017:13:43:51 +0100] "GET /bootstrap_2/assets/js/ie-emulation-modes-warning.js HTTP/1.1" 404 249
::1 - - [03/Feb/2017:13:44:04 +0100] "GET /index.php?page=inc/homepage.php HTTP/1.1" 200 5856
::1 - - [03/Feb/2017:13:44:04 +0100] "GET /bootstrap_2/assets/js/ie-emulation-modes-warning.js HTTP/1.1" 404 249
::1 - - [03/Feb/2017:13:45:36 +0100] "GET /index.php?page=inc/homepage.php HTTP/1.1" 200 5856
::1 - - [03/Feb/2017:13:45:36 +0100] "GET /bootstrap_2/assets/js/ie-emulation-modes-warning.js HTTP/1.1" 404 249
::1 - - [03/Feb/2017:13:45:36 +0100] "GET /bootstrap_2/docs/favicon.ico HTTP/1.1" 200 5430
::1 - - [03/Feb/2017:13:45:37 +0100] "GET /index.php?page=inc/opdrachten.php HTTP/1.1" 200 3029
::1 - - [03/Feb/2017:13:45:37 +0100] "GET /bootstrap_2/assets/js/ie-emulation-modes-warning.js HTTP/1.1" 404 249
::1 - - [03/Feb/2017:13:45:42 +0100] "GET /index.php?page=inc/homepage.php HTTP/1.1" 200 5856
::1 - - [03/Feb/2017:13:45:42 +0100] "GET /bootstrap_2/assets/js/ie-emulation-modes-warning.js HTTP/1.1" 404 249
::1 - - [03/Feb/2017:13:45:51 +0100] "GET /index.php?page=inc/tijd.php HTTP/1.1" 200 3017
::1 - - [03/Feb/2017:13:45:51 +0100] "GET /bootstrap_2/assets/js/ie-emulation-modes-warning.js HTTP/1.1" 404 249
::1 - - [03/Feb/2017:13:47:42 +0100] "GET /index.php?page=inc/homepage.php HTTP/1.1" 200 5856
::1 - - [03/Feb/2017:13:47:42 +0100] "GET /index.php?page=inc/cijfers.php HTTP/1.1" 200 5856
::1 - - [03/Feb/2017:13:47:42 +0100] "GET /bootstrap_2/assets/js/ie-emulation-modes-warning.js HTTP/1.1" 404 249
::1 - - [03/Feb/2017:13:50:32 +0100] "GET /index.php?page=inc/homepage.php HTTP/1.1" 200 5996
::1 - - [03/Feb/2017:13:50:32 +0100] "GET /bootstrap_2/dist/css/bootstrap.min.css HTTP/1.1" 304 -
::1 - - [03/Feb/2017:13:50:32 +0100] "GET /bootstrap_2/dist/css/bootstrap.css HTTP/1.1" 304 -
::1 - - [03/Feb/2017:13:50:32 +0100] "GET /jumbotron.css HTTP/1.1" 304 -
::1 - - [03/Feb/2017:13:50:32 +0100] "GET /custom.css HTTP/1.1" 304 -
::1 - - [03/Feb/2017:13:50:32 +0100] "GET /bootstrap_2/assets/js/ie-emulation-modes-warning.js HTTP/1.1" 404 249
::1 - - [03/Feb/2017:13:50:32 +0100] "GET /bootstrap_2/docs/dist/js/bootstrap.min.js HTTP/1.1" 304 -
::1 - - [03/Feb/2017:13:50:32 +0100] "GET /bootstrap_2/docs/assets/js/ie10-viewport-bug-workaround.js HTTP/1.1" 304 -
::1 - - [03/Feb/2017:13:50:34 +0100] "GET /index.php?page=inc/contact_standaard.php HTTP/1.1" 200 5996
::1 - - [03/Feb/2017:13:50:34 +0100] "GET /bootstrap_2/assets/js/ie-emulation-modes-warning.js HTTP/1.1" 404 249
::1 - - [03/Feb/2017:13:53:19 +0100] "GET /index.php?page=inc/contact_standaard.php HTTP/1.1" 200 5950
::1 - - [03/Feb/2017:13:53:19 +0100] "GET /index.php?page=inc/opdrachten.php HTTP/1.1" 200 2715
::1 - - [03/Feb/2017:13:53:19 +0100] "GET /css/custom.css HTTP/1.1" 200 288
::1 - - [03/Feb/2017:13:53:19 +0100] "GET /bootstrap_2/assets/js/ie-emulation-modes-warning.js HTTP/1.1" 404 249
::1 - - [03/Feb/2017:13:53:19 +0100] "GET /bootstrap_2/docs/favicon.ico HTTP/1.1" 304 -
::1 - - [03/Feb/2017:13:53:21 +0100] "GET /index.php?page=inc/homepage.php HTTP/1.1" 200 5950
::1 - - [03/Feb/2017:13:53:21 +0100] "GET /bootstrap_2/assets/js/ie-emulation-modes-warning.js HTTP/1.1" 404 249
::1 - - [03/Feb/2017:13:53:22 +0100] "GET /index.php?page=inc/Joas.php HTTP/1.1" 200 3311
::1 - - [03/Feb/2017:13:53:22 +0100] "GET /css/custom.css HTTP/1.1" 304 -
::1 - - [03/Feb/2017:13:53:22 +0100] "GET /bootstrap_2/assets/js/ie-emulation-modes-warning.js HTTP/1.1" 404 249
::1 - - [03/Feb/2017:13:53:23 +0100] "GET /index.php?page=inc/Sylvano.php HTTP/1.1" 200 3354
::1 - - [03/Feb/2017:13:53:23 +0100] "GET /bootstrap_2/assets/js/ie-emulation-modes-warning.js HTTP/1.1" 404 249
::1 - - [03/Feb/2017:13:53:24 +0100] "GET /index.php?page=inc/School.php HTTP/1.1" 200 5950
::1 - - [03/Feb/2017:13:53:24 +0100] "GET /bootstrap_2/assets/js/ie-emulation-modes-warning.js HTTP/1.1" 404 249
::1 - - [03/Feb/2017:13:53:25 +0100] "GET /index.php?page=inc/contact_standaard.php HTTP/1.1" 200 5950
::1 - - [03/Feb/2017:13:53:25 +0100] "GET /bootstrap_2/assets/js/ie-emulation-modes-warning.js HTTP/1.1" 404 249
::1 - - [03/Feb/2017:13:53:26 +0100] "GET /index.php?page=inc/School.php HTTP/1.1" 200 5950
::1 - - [03/Feb/2017:13:53:26 +0100] "GET /css/custom.css HTTP/1.1" 304 -
::1 - - [03/Feb/2017:13:53:26 +0100] "GET /bootstrap_2/assets/js/ie-emulation-modes-warning.js HTTP/1.1" 404 249
::1 - - [03/Feb/2017:13:53:27 +0100] "GET /index.php?page=inc/Sylvano.php HTTP/1.1" 200 3354
::1 - - [03/Feb/2017:13:53:27 +0100] "GET /bootstrap_2/assets/js/ie-emulation-modes-warning.js HTTP/1.1" 404 249
::1 - - [03/Feb/2017:13:53:27 +0100] "GET /index.php?page=inc/Joas.php HTTP/1.1" 200 3311
::1 - - [03/Feb/2017:13:53:28 +0100] "GET /bootstrap_2/assets/js/ie-emulation-modes-warning.js HTTP/1.1" 404 249
::1 - - [03/Feb/2017:13:53:28 +0100] "GET /index.php?page=inc/homepage.php HTTP/1.1" 200 5950
::1 - - [03/Feb/2017:13:53:28 +0100] "GET /bootstrap_2/assets/js/ie-emulation-modes-warning.js HTTP/1.1" 404 249
::1 - - [03/Feb/2017:13:53:29 +0100] "GET /index.php?page=inc/Sylvano.php HTTP/1.1" 200 3354
::1 - - [03/Feb/2017:13:53:29 +0100] "GET /bootstrap_2/assets/js/ie-emulation-modes-warning.js HTTP/1.1" 404 249
::1 - - [03/Feb/2017:13:53:31 +0100] "GET /index.php?page=inc/cijfers.php HTTP/1.1" 200 5950
::1 - - [03/Feb/2017:13:53:31 +0100] "GET /css/custom.css HTTP/1.1" 304 -
::1 - - [03/Feb/2017:13:53:31 +0100] "GET /bootstrap_2/assets/js/ie-emulation-modes-warning.js HTTP/1.1" 404 249
::1 - - [03/Feb/2017:13:53:45 +0100] "GET /index.php?page=inc/Sylvano.php HTTP/1.1" 200 3354
::1 - - [03/Feb/2017:13:53:45 +0100] "GET /css/custom.css HTTP/1.1" 304 -
::1 - - [03/Feb/2017:13:53:45 +0100] "GET /bootstrap_2/assets/js/ie-emulation-modes-warning.js HTTP/1.1" 404 249
::1 - - [03/Feb/2017:13:55:00 +0100] "GET /index.php?page=inc/Joas.php HTTP/1.1" 200 3351
::1 - - [03/Feb/2017:13:55:00 +0100] "GET /css/custom.css HTTP/1.1" 304 -
::1 - - [03/Feb/2017:13:55:00 +0100] "GET /bootstrap_2/assets/js/ie-emulation-modes-warning.js HTTP/1.1" 404 249
::1 - - [03/Feb/2017:13:55:01 +0100] "GET /index.php?page=inc/Sylvano.php HTTP/1.1" 200 3341
::1 - - [03/Feb/2017:13:55:01 +0100] "GET /bootstrap_2/assets/js/ie-emulation-modes-warning.js HTTP/1.1" 404 249
::1 - - [03/Feb/2017:13:55:02 +0100] "GET /index.php?page=inc/Joas.php HTTP/1.1" 200 3351
::1 - - [03/Feb/2017:13:55:02 +0100] "GET /bootstrap_2/assets/js/ie-emulation-modes-warning.js HTTP/1.1" 404 249
::1 - - [03/Feb/2017:13:55:03 +0100] "GET /index.php?page=inc/Sylvano.php HTTP/1.1" 200 3341
::1 - - [03/Feb/2017:13:55:03 +0100] "GET /bootstrap_2/assets/js/ie-emulation-modes-warning.js HTTP/1.1" 404 249
::1 - - [03/Feb/2017:13:55:05 +0100] "GET /index.php?page=inc/Joas.php HTTP/1.1" 200 3351
::1 - - [03/Feb/2017:13:55:05 +0100] "GET /bootstrap_2/assets/js/ie-emulation-modes-warning.js HTTP/1.1" 404 249
::1 - - [03/Feb/2017:13:58:05 +0100] "GET /index.php?page=inc/Sylvano.php HTTP/1.1" 200 3774
::1 - - [03/Feb/2017:13:58:05 +0100] "GET /bootstrap_2/dist/css/bootstrap.min.css HTTP/1.1" 304 -
::1 - - [03/Feb/2017:13:58:05 +0100] "GET /css/custom.css HTTP/1.1" 304 -
::1 - - [03/Feb/2017:13:58:05 +0100] "GET /bootstrap_2/docs/dist/js/bootstrap.min.js HTTP/1.1" 304 -
::1 - - [03/Feb/2017:13:58:05 +0100] "GET /bootstrap_2/dist/css/bootstrap.css HTTP/1.1" 304 -
::1 - - [03/Feb/2017:13:58:05 +0100] "GET /bootstrap_2/assets/js/ie-emulation-modes-warning.js HTTP/1.1" 404 249
::1 - - [03/Feb/2017:13:58:05 +0100] "GET /bootstrap_2/docs/assets/js/ie10-viewport-bug-workaround.js HTTP/1.1" 304 -
::1 - - [03/Feb/2017:13:58:29 +0100] "GET /index.php?page=inc/Sylvano.php HTTP/1.1" 200 3764
::1 - - [03/Feb/2017:13:58:29 +0100] "GET /bootstrap_2/assets/js/ie-emulation-modes-warning.js HTTP/1.1" 404 249
::1 - - [03/Feb/2017:13:58:30 +0100] "GET /bootstrap_2/docs/favicon.ico HTTP/1.1" 200 5430
::1 - - [03/Feb/2017:14:00:07 +0100] "GET /index.php?page=inc/Sylvano.php HTTP/1.1" 200 3774
::1 - - [03/Feb/2017:14:00:07 +0100] "GET /css/custom.css HTTP/1.1" 304 -
::1 - - [03/Feb/2017:14:00:07 +0100] "GET /bootstrap_2/assets/js/ie-emulation-modes-warning.js HTTP/1.1" 404 249
::1 - - [03/Feb/2017:14:00:07 +0100] "GET /bootstrap_2/docs/favicon.ico HTTP/1.1" 200 5430
::1 - - [03/Feb/2017:14:00:24 +0100] "GET /index.php?page=inc/Sylvano.php HTTP/1.1" 200 3782
::1 - - [03/Feb/2017:14:00:24 +0100] "GET /bootstrap_2/assets/js/ie-emulation-modes-warning.js HTTP/1.1" 404 249
::1 - - [03/Feb/2017:14:00:24 +0100] "GET /bootstrap_2/docs/favicon.ico HTTP/1.1" 200 5430
::1 - - [03/Feb/2017:14:00:50 +0100] "GET /index.php?page=inc/Sylvano.php HTTP/1.1" 200 3784
::1 - - [03/Feb/2017:14:00:50 +0100] "GET /bootstrap_2/assets/js/ie-emulation-modes-warning.js HTTP/1.1" 404 249
::1 - - [03/Feb/2017:14:00:50 +0100] "GET /bootstrap_2/docs/favicon.ico HTTP/1.1" 200 5430
::1 - - [03/Feb/2017:14:01:02 +0100] "GET /index.php?page=inc/Sylvano.php HTTP/1.1" 200 3786
::1 - - [03/Feb/2017:14:01:03 +0100] "GET /css/custom.css HTTP/1.1" 304 -
::1 - - [03/Feb/2017:14:01:03 +0100] "GET /bootstrap_2/assets/js/ie-emulation-modes-warning.js HTTP/1.1" 404 249
::1 - - [03/Feb/2017:14:01:03 +0100] "GET /bootstrap_2/docs/favicon.ico HTTP/1.1" 200 5430
::1 - - [03/Feb/2017:14:01:17 +0100] "GET /index.php?page=inc/Sylvano.php HTTP/1.1" 200 3786
::1 - - [03/Feb/2017:14:01:17 +0100] "GET /bootstrap_2/assets/js/ie-emulation-modes-warning.js HTTP/1.1" 404 249
::1 - - [03/Feb/2017:14:01:17 +0100] "GET /bootstrap_2/docs/favicon.ico HTTP/1.1" 200 5430
::1 - - [03/Feb/2017:14:01:23 +0100] "GET /bootstrap_2/dist/css/bootstrap.css.map HTTP/1.1" 200 389287
::1 - - [03/Feb/2017:14:01:23 +0100] "GET /bootstrap_2/dist/css/bootstrap.min.css.map HTTP/1.1" 200 542194
::1 - - [03/Feb/2017:14:02:03 +0100] "GET /index.php?page=inc/Sylvano.php HTTP/1.1" 200 3786
::1 - - [03/Feb/2017:14:02:03 +0100] "GET /css/custom.css HTTP/1.1" 304 -
::1 - - [03/Feb/2017:14:02:03 +0100] "GET /bootstrap_2/assets/js/ie-emulation-modes-warning.js HTTP/1.1" 404 249
::1 - - [03/Feb/2017:14:02:03 +0100] "GET /bootstrap_2/docs/favicon.ico HTTP/1.1" 200 5430
::1 - - [03/Feb/2017:14:02:14 +0100] "GET /index.php?page=inc/Sylvano.php HTTP/1.1" 200 3786
::1 - - [03/Feb/2017:14:02:14 +0100] "GET /bootstrap_2/assets/js/ie-emulation-modes-warning.js HTTP/1.1" 404 249
::1 - - [03/Feb/2017:14:02:15 +0100] "GET /bootstrap_2/docs/favicon.ico HTTP/1.1" 200 5430
::1 - - [03/Feb/2017:14:04:03 +0100] "GET /index.php?page=inc/Sylvano.php HTTP/1.1" 200 3786
::1 - - [03/Feb/2017:14:04:03 +0100] "GET /css/custom.css HTTP/1.1" 304 -
::1 - - [03/Feb/2017:14:04:03 +0100] "GET /bootstrap_2/assets/js/ie-emulation-modes-warning.js HTTP/1.1" 404 249
::1 - - [03/Feb/2017:14:04:11 +0100] "GET /index.php?page=inc/Sylvano.php HTTP/1.1" 200 3959
::1 - - [03/Feb/2017:14:04:11 +0100] "GET /bootstrap_2/assets/js/ie-emulation-modes-warning.js HTTP/1.1" 404 249
::1 - - [03/Feb/2017:14:04:43 +0100] "GET /index.php?page=inc/Sylvano.php HTTP/1.1" 200 3957
::1 - - [03/Feb/2017:14:04:43 +0100] "GET /bootstrap_2/assets/js/ie-emulation-modes-warning.js HTTP/1.1" 404 249
::1 - - [03/Feb/2017:14:06:00 +0100] "GET /index.php?page=inc/Sylvano.php HTTP/1.1" 200 3983
::1 - - [03/Feb/2017:14:06:00 +0100] "GET /index.php?page=inc/Sylvano.php HTTP/1.1" 200 3983
::1 - - [03/Feb/2017:14:06:00 +0100] "GET /css/custom.css HTTP/1.1" 304 -
::1 - - [03/Feb/2017:14:06:00 +0100] "GET /bootstrap_2/assets/js/ie-emulation-modes-warning.js HTTP/1.1" 404 249
::1 - - [03/Feb/2017:14:06:00 +0100] "GET /bootstrap_2/docs/favicon.ico HTTP/1.1" 200 5430
::1 - - [03/Feb/2017:14:06:14 +0100] "GET /index.php?page=inc/Sylvano.php HTTP/1.1" 200 4009
::1 - - [03/Feb/2017:14:06:14 +0100] "GET /bootstrap_2/dist/css/bootstrap.min.css HTTP/1.1" 304 -
::1 - - [03/Feb/2017:14:06:14 +0100] "GET /bootstrap_2/dist/css/bootstrap.css HTTP/1.1" 304 -
::1 - - [03/Feb/2017:14:06:14 +0100] "GET /bootstrap_2/assets/js/ie-emulation-modes-warning.js HTTP/1.1" 404 249
::1 - - [03/Feb/2017:14:06:14 +0100] "GET /bootstrap_2/docs/dist/js/bootstrap.min.js HTTP/1.1" 304 -
::1 - - [03/Feb/2017:14:06:14 +0100] "GET /bootstrap_2/docs/assets/js/ie10-viewport-bug-workaround.js HTTP/1.1" 304 -
::1 - - [03/Feb/2017:14:06:15 +0100] "GET /bootstrap_2/docs/favicon.ico HTTP/1.1" 200 5430
::1 - - [03/Feb/2017:14:06:35 +0100] "GET /index.php?page=inc/Sylvano.php HTTP/1.1" 200 4016
::1 - - [03/Feb/2017:14:06:35 +0100] "GET /bootstrap_2/assets/js/ie-emulation-modes-warning.js HTTP/1.1" 404 249
::1 - - [03/Feb/2017:14:06:35 +0100] "GET /bootstrap_2/docs/favicon.ico HTTP/1.1" 200 5430
::1 - - [03/Feb/2017:14:06:47 +0100] "GET /index.php?page=inc/Sylvano.php HTTP/1.1" 200 4023
::1 - - [03/Feb/2017:14:06:47 +0100] "GET /index.php?page=inc/Sylvano.php HTTP/1.1" 200 4023
::1 - - [03/Feb/2017:14:06:47 +0100] "GET /bootstrap_2/assets/js/ie-emulation-modes-warning.js HTTP/1.1" 404 249
::1 - - [03/Feb/2017:14:06:47 +0100] "GET /bootstrap_2/docs/favicon.ico HTTP/1.1" 200 5430
::1 - - [03/Feb/2017:14:06:59 +0100] "GET /index.php?page=inc/Sylvano.php HTTP/1.1" 200 4023
::1 - - [03/Feb/2017:14:06:59 +0100] "GET /bootstrap_2/assets/js/ie-emulation-modes-warning.js HTTP/1.1" 404 249
::1 - - [03/Feb/2017:14:06:59 +0100] "GET /index.php?page=inc/Sylvano.php HTTP/1.1" 200 4023
::1 - - [03/Feb/2017:14:07:00 +0100] "GET /bootstrap_2/docs/favicon.ico HTTP/1.1" 200 5430
::1 - - [03/Feb/2017:14:23:42 +0100] "GET /index.php?page=inc/Sylvano.php HTTP/1.1" 200 4475
::1 - - [03/Feb/2017:14:23:42 +0100] "GET /index.php?page=inc/Sylvano.php HTTP/1.1" 200 4475
::1 - - [03/Feb/2017:14:23:42 +0100] "GET /bootstrap_2/dist/css/bootstrap.min.css HTTP/1.1" 304 -
::1 - - [03/Feb/2017:14:23:42 +0100] "GET /bootstrap_2/dist/css/bootstrap.css HTTP/1.1" 304 -
::1 - - [03/Feb/2017:14:23:42 +0100] "GET /bootstrap_2/assets/js/ie-emulation-modes-warning.js HTTP/1.1" 404 249
::1 - - [03/Feb/2017:14:23:42 +0100] "GET /css/custom.css HTTP/1.1" 304 -
::1 - - [03/Feb/2017:14:23:42 +0100] "GET /bootstrap_2/docs/dist/js/bootstrap.min.js HTTP/1.1" 304 -
::1 - - [03/Feb/2017:14:23:42 +0100] "GET /materialize/css/materialize.css HTTP/1.1" 200 155715
::1 - - [03/Feb/2017:14:23:42 +0100] "GET /materialize/js/materialize.js HTTP/1.1" 200 317068
::1 - - [03/Feb/2017:14:23:42 +0100] "GET /bootstrap_2/docs/favicon.ico HTTP/1.1" 200 5430
::1 - - [03/Feb/2017:14:26:46 +0100] "GET /index.php?page=inc/Sylvano.php HTTP/1.1" 200 4592
::1 - - [03/Feb/2017:14:26:46 +0100] "GET /materialize/css/materialize.css HTTP/1.1" 304 -
::1 - - [03/Feb/2017:14:26:46 +0100] "GET /bootstrap_2/assets/js/ie-emulation-modes-warning.js HTTP/1.1" 404 249
::1 - - [03/Feb/2017:14:26:46 +0100] "GET /materialize/js/materialize.js HTTP/1.1" 304 -
::1 - - [03/Feb/2017:14:26:48 +0100] "GET /index.php?page=inc/Sylvano.php HTTP/1.1" 200 4592
::1 - - [03/Feb/2017:14:26:48 +0100] "GET /css/custom.css HTTP/1.1" 304 -
::1 - - [03/Feb/2017:14:26:48 +0100] "GET /bootstrap_2/assets/js/ie-emulation-modes-warning.js HTTP/1.1" 404 249
::1 - - [03/Feb/2017:14:27:22 +0100] "GET /index.php?page=inc/Sylvano.php HTTP/1.1" 200 3932
::1 - - [03/Feb/2017:14:27:22 +0100] "GET /bootstrap_2/assets/js/ie-emulation-modes-warning.js HTTP/1.1" 404 249
::1 - - [03/Feb/2017:14:27:23 +0100] "GET /bootstrap_2/assets/js/ie-emulation-modes-warning.js HTTP/1.1" 404 249
::1 - - [03/Feb/2017:14:27:23 +0100] "GET /bootstrap_2/docs/favicon.ico HTTP/1.1" 200 5430
::1 - - [03/Feb/2017:14:27:23 +0100] "GET /index.php?page=inc/Sylvano.php HTTP/1.1" 200 3932
::1 - - [03/Feb/2017:14:27:23 +0100] "GET /bootstrap_2/assets/js/ie-emulation-modes-warning.js HTTP/1.1" 404 249
::1 - - [03/Feb/2017:14:27:59 +0100] "GET /index.php?page=inc/Sylvano.php HTTP/1.1" 200 3930
::1 - - [03/Feb/2017:14:27:59 +0100] "GET /index.php?page=inc/Sylvano.php HTTP/1.1" 200 3930
::1 - - [03/Feb/2017:14:27:59 +0100] "GET /materialize/css/materialize.css HTTP/1.1" 304 -
::1 - - [03/Feb/2017:14:27:59 +0100] "GET /materialize/js/materialize.js HTTP/1.1" 304 -
::1 - - [03/Feb/2017:14:27:59 +0100] "GET /bootstrap_2/assets/js/ie-emulation-modes-warning.js HTTP/1.1" 404 249
::1 - - [03/Feb/2017:14:27:59 +0100] "GET /bootstrap_2/docs/favicon.ico HTTP/1.1" 200 5430
::1 - - [03/Feb/2017:14:29:07 +0100] "GET /index.php?page=inc/Sylvano.php HTTP/1.1" 200 3944
::1 - - [03/Feb/2017:14:29:07 +0100] "GET /bootstrap_2/assets/js/ie-emulation-modes-warning.js HTTP/1.1" 404 249
::1 - - [03/Feb/2017:14:29:10 +0100] "GET /index.php?page=inc/homepage.php HTTP/1.1" 200 6199
::1 - - [03/Feb/2017:14:29:10 +0100] "GET /bootstrap_2/assets/js/ie-emulation-modes-warning.js HTTP/1.1" 404 249
::1 - - [03/Feb/2017:14:29:21 +0100] "GET /index.php?page=inc/homepage.php HTTP/1.1" 200 6192
::1 - - [03/Feb/2017:14:29:21 +0100] "GET /materialize/css/materialize.css HTTP/1.1" 304 -
::1 - - [03/Feb/2017:14:29:21 +0100] "GET /materialize/js/materialize.js HTTP/1.1" 304 -
::1 - - [03/Feb/2017:14:29:21 +0100] "GET /bootstrap_2/assets/js/ie-emulation-modes-warning.js HTTP/1.1" 404 249
::1 - - [03/Feb/2017:14:29:40 +0100] "GET /index.php?page=inc/homepage.php HTTP/1.1" 200 6192
::1 - - [03/Feb/2017:14:29:40 +0100] "GET /index.php?page=inc/homepage.php HTTP/1.1" 200 6192
::1 - - [03/Feb/2017:14:29:40 +0100] "GET /bootstrap_2/assets/js/ie-emulation-modes-warning.js HTTP/1.1" 404 249
::1 - - [03/Feb/2017:14:29:40 +0100] "GET /bootstrap_2/docs/favicon.ico HTTP/1.1" 200 5430
::1 - - [03/Feb/2017:14:29:52 +0100] "GET /index.php?page=inc/Sylvano.php HTTP/1.1" 200 3937
::1 - - [03/Feb/2017:14:29:52 +0100] "GET /bootstrap_2/assets/js/ie-emulation-modes-warning.js HTTP/1.1" 404 249
::1 - - [03/Feb/2017:14:32:46 +0100] "GET /index.php?page=inc/homepage.php HTTP/1.1" 200 6211
::1 - - [03/Feb/2017:14:32:46 +0100] "GET /materialize/css/materialize.css HTTP/1.1" 304 -
::1 - - [03/Feb/2017:14:32:46 +0100] "GET /css/custom.css HTTP/1.1" 304 -
::1 - - [03/Feb/2017:14:32:46 +0100] "GET /bootstrap_2/assets/js/ie-emulation-modes-warning.js HTTP/1.1" 404 249
::1 - - [03/Feb/2017:14:32:46 +0100] "GET /materialize/js/materialize.js HTTP/1.1" 304 -
::1 - - [03/Feb/2017:14:32:46 +0100] "GET /index.php?page=inc/Sylvano.php HTTP/1.1" 200 3956
::1 - - [03/Feb/2017:14:34:36 +0100] "GET /index.php?page=inc/homepage.php HTTP/1.1" 200 5810
::1 - - [03/Feb/2017:14:34:36 +0100] "GET /materialize/css/materialize.css HTTP/1.1" 304 -
::1 - - [03/Feb/2017:14:34:36 +0100] "GET /bootstrap_2/dist/css/bootstrap.min.css HTTP/1.1" 304 -
::1 - - [03/Feb/2017:14:34:36 +0100] "GET /bootstrap_2/assets/js/ie-emulation-modes-warning.js HTTP/1.1" 404 249
::1 - - [03/Feb/2017:14:34:36 +0100] "GET /materialize/js/materialize.js HTTP/1.1" 304 -
::1 - - [03/Feb/2017:14:34:36 +0100] "GET /bootstrap_2/dist/css/bootstrap.css HTTP/1.1" 304 -
::1 - - [03/Feb/2017:14:34:37 +0100] "GET /bootstrap_2/docs/favicon.ico HTTP/1.1" 200 5430
::1 - - [03/Feb/2017:14:34:37 +0100] "GET /index.php?page=inc/homepage.php HTTP/1.1" 200 5810
::1 - - [03/Feb/2017:14:34:37 +0100] "GET /bootstrap_2/assets/js/ie-emulation-modes-warning.js HTTP/1.1" 404 249
::1 - - [03/Feb/2017:14:35:14 +0100] "GET /index.php?page=inc/homepage.php HTTP/1.1" 200 5573
::1 - - [03/Feb/2017:14:35:14 +0100] "GET /index.php?page=inc/homepage.php HTTP/1.1" 200 5573
::1 - - [03/Feb/2017:14:35:15 +0100] "GET /materialize/fonts/roboto/Roboto-Regular.woff2 HTTP/1.1" 200 49236
::1 - - [03/Feb/2017:14:35:15 +0100] "GET /bootstrap_2/docs/favicon.ico HTTP/1.1" 200 5430
::1 - - [03/Feb/2017:14:36:47 +0100] "GET /index.php?page=inc/homepage.php HTTP/1.1" 200 5476
::1 - - [03/Feb/2017:14:36:47 +0100] "GET /materialize/css/materialize.css HTTP/1.1" 304 -
::1 - - [03/Feb/2017:14:36:47 +0100] "GET /css/custom.css HTTP/1.1" 304 -
::1 - - [03/Feb/2017:14:36:47 +0100] "GET /materialize/js/materialize.js HTTP/1.1" 304 -
::1 - - [03/Feb/2017:14:36:47 +0100] "GET /index.php?page=inc/homepage.php HTTP/1.1" 200 5476
::1 - - [03/Feb/2017:14:36:48 +0100] "GET /bootstrap_2/docs/favicon.ico HTTP/1.1" 200 5430
::1 - - [03/Feb/2017:14:36:49 +0100] "GET /index.php?page=inc/homepage.php HTTP/1.1" 200 5476
::1 - - [03/Feb/2017:14:36:50 +0100] "GET /index.php?page=inc/Joas.php HTTP/1.1" 200 2877
::1 - - [03/Feb/2017:14:36:51 +0100] "GET /index.php?page=inc/homepage.php HTTP/1.1" 200 5476
::1 - - [03/Feb/2017:14:39:43 +0100] "GET /index.php?page=inc/homepage.php HTTP/1.1" 200 5835
::1 - - [03/Feb/2017:14:39:43 +0100] "GET /materialize/css/materialize.css HTTP/1.1" 304 -
::1 - - [03/Feb/2017:14:39:43 +0100] "GET /materialize/js/materialize.js HTTP/1.1" 304 -
::1 - - [03/Feb/2017:14:39:44 +0100] "GET /materialize/fonts/roboto/Roboto-Regular.woff2 HTTP/1.1" 304 -
::1 - - [03/Feb/2017:14:39:44 +0100] "GET /materialize/fonts/roboto/Roboto-Medium.woff2 HTTP/1.1" 200 50224
::1 - - [03/Feb/2017:14:39:44 +0100] "GET /bootstrap_2/docs/favicon.ico HTTP/1.1" 200 5430
::1 - - [03/Feb/2017:14:40:03 +0100] "GET /index.php?page=inc/homepage.php HTTP/1.1" 200 5835
::1 - - [03/Feb/2017:14:40:03 +0100] "GET /index.php?page=inc/homepage.php HTTP/1.1" 200 5835
::1 - - [03/Feb/2017:14:40:04 +0100] "GET /bootstrap_2/docs/favicon.ico HTTP/1.1" 200 5430
::1 - - [03/Feb/2017:14:40:05 +0100] "GET /index.php?page=inc/Joas.php HTTP/1.1" 200 3236
::1 - - [03/Feb/2017:14:40:05 +0100] "GET /index.php?page=inc/homepage.php HTTP/1.1" 200 5835
::1 - - [03/Feb/2017:14:40:07 +0100] "GET /index.php?page=inc/Joas.php HTTP/1.1" 200 3236
::1 - - [03/Feb/2017:14:40:10 +0100] "GET /index.php?page=inc/homepage.php HTTP/1.1" 200 5835
::1 - - [03/Feb/2017:14:40:31 +0100] "GET /index.php?page=inc/homepage.php HTTP/1.1" 200 5835
::1 - - [03/Feb/2017:14:40:31 +0100] "GET /index.php?page=inc/Joas.php HTTP/1.1" 200 3236
::1 - - [03/Feb/2017:14:40:35 +0100] "GET /index.php?page=inc/homepage.php HTTP/1.1" 200 5835
::1 - - [03/Feb/2017:14:41:24 +0100] "GET /index.php?page=inc/homepage.php HTTP/1.1" 200 5860
::1 - - [03/Feb/2017:14:41:24 +0100] "GET /css/custom.css HTTP/1.1" 200 266
::1 - - [03/Feb/2017:14:41:24 +0100] "GET /bootstrap_2/docs/favicon.ico HTTP/1.1" 200 5430
::1 - - [03/Feb/2017:14:41:29 +0100] "GET /index.php?page=inc/homepage.php HTTP/1.1" 200 5860
::1 - - [03/Feb/2017:14:42:46 +0100] "GET /index.php?page=inc/homepage.php HTTP/1.1" 200 5886
::1 - - [03/Feb/2017:14:42:46 +0100] "GET /materialize/css/materialize.css HTTP/1.1" 304 -
::1 - - [03/Feb/2017:14:42:46 +0100] "GET /css/custom.css HTTP/1.1" 304 -
::1 - - [03/Feb/2017:14:42:46 +0100] "GET /materialize/js/materialize.js HTTP/1.1" 304 -
::1 - - [03/Feb/2017:14:42:46 +0100] "GET /materialize/fonts/roboto/Roboto-Regular.woff2 HTTP/1.1" 304 -
::1 - - [03/Feb/2017:14:42:46 +0100] "GET /materialize/fonts/roboto/Roboto-Medium.woff2 HTTP/1.1" 304 -
::1 - - [03/Feb/2017:14:42:46 +0100] "GET /bootstrap_2/docs/favicon.ico HTTP/1.1" 200 5430
::1 - - [03/Feb/2017:14:44:04 +0100] "GET /index.php?page=inc/homepage.php HTTP/1.1" 200 6058
::1 - - [03/Feb/2017:14:44:04 +0100] "GET /css/custom.css HTTP/1.1" 304 -
::1 - - [03/Feb/2017:14:44:04 +0100] "GET /bootstrap_2/docs/favicon.ico HTTP/1.1" 200 5430
192.168.2.11 - - [03/Feb/2017:14:46:09 +0100] "GET / HTTP/1.1" 200 6058
192.168.2.11 - - [03/Feb/2017:14:46:09 +0100] "GET /materialize/css/materialize.css HTTP/1.1" 200 155715
192.168.2.11 - - [03/Feb/2017:14:46:09 +0100] "GET /css/custom.css HTTP/1.1" 200 266
192.168.2.11 - - [03/Feb/2017:14:46:09 +0100] "GET /materialize/js/materialize.js HTTP/1.1" 200 317068
192.168.2.11 - - [03/Feb/2017:14:46:09 +0100] "GET /materialize/fonts/roboto/Roboto-Regular.woff2 HTTP/1.1" 200 49236
192.168.2.11 - - [03/Feb/2017:14:46:09 +0100] "GET /materialize/fonts/roboto/Roboto-Medium.woff2 HTTP/1.1" 200 50224
192.168.2.11 - - [03/Feb/2017:14:46:10 +0100] "GET /bootstrap_2/docs/favicon.ico HTTP/1.1" 200 5430
192.168.2.3 - - [03/Feb/2017:14:46:35 +0100] "GET / HTTP/1.1" 200 6058
192.168.2.3 - - [03/Feb/2017:14:46:35 +0100] "GET /materialize/css/materialize.css HTTP/1.1" 200 155715
192.168.2.3 - - [03/Feb/2017:14:46:35 +0100] "GET /css/custom.css HTTP/1.1" 200 266
192.168.2.3 - - [03/Feb/2017:14:46:35 +0100] "GET /materialize/js/materialize.js HTTP/1.1" 200 317068
192.168.2.3 - - [03/Feb/2017:14:46:36 +0100] "GET /materialize/fonts/roboto/Roboto-Regular.woff2 HTTP/1.1" 200 49236
192.168.2.3 - - [03/Feb/2017:14:46:36 +0100] "GET /materialize/fonts/roboto/Roboto-Medium.woff2 HTTP/1.1" 200 50224
192.168.2.3 - - [03/Feb/2017:14:46:37 +0100] "GET /bootstrap_2/docs/favicon.ico HTTP/1.1" 200 5430
192.168.2.3 - - [03/Feb/2017:14:47:04 +0100] "GET /?page=inc/homepage.php HTTP/1.1" 200 6058
192.168.2.3 - - [03/Feb/2017:14:47:06 +0100] "GET /Portfolio_keuze.php HTTP/1.1" 404 217
192.168.2.3 - - [03/Feb/2017:14:47:06 +0100] "GET /favicon.ico HTTP/1.1" 404 209
192.168.2.3 - - [03/Feb/2017:14:47:19 +0100] "GET /?page=inc/opdrachten.php HTTP/1.1" 200 2823
192.168.2.3 - - [03/Feb/2017:14:47:19 +0100] "GET /css/custom.css HTTP/1.1" 304 -
192.168.2.3 - - [03/Feb/2017:14:49:36 +0100] "GET /?page=inc/homepage.php HTTP/1.1" 200 6211
192.168.2.3 - - [03/Feb/2017:14:49:36 +0100] "GET /css/custom.css HTTP/1.1" 304 -
192.168.2.3 - - [03/Feb/2017:14:49:37 +0100] "GET /bootstrap_2/docs/favicon.ico HTTP/1.1" 200 5430
192.168.2.3 - - [03/Feb/2017:14:50:59 +0100] "GET /?page=inc/homepage.php HTTP/1.1" 200 6218
192.168.2.3 - - [03/Feb/2017:14:50:59 +0100] "GET /materialize/css/materialize.css HTTP/1.1" 304 -
192.168.2.3 - - [03/Feb/2017:14:50:59 +0100] "GET /css/custom.css HTTP/1.1" 304 -
192.168.2.3 - - [03/Feb/2017:14:50:59 +0100] "GET /materialize/js/materialize.js HTTP/1.1" 304 -
192.168.2.3 - - [03/Feb/2017:14:50:59 +0100] "GET /materialize/fonts/roboto/Roboto-Regular.woff2 HTTP/1.1" 304 -
192.168.2.3 - - [03/Feb/2017:14:51:00 +0100] "GET /bootstrap_2/docs/favicon.ico HTTP/1.1" 200 5430
::1 - - [03/Feb/2017:14:59:21 +0100] "GET /index.php?page=inc/homepage.php HTTP/1.1" 200 6841
::1 - - [03/Feb/2017:14:59:21 +0100] "GET /materialize/css/materialize.css HTTP/1.1" 304 -
::1 - - [03/Feb/2017:14:59:21 +0100] "GET /css/custom.css HTTP/1.1" 304 -
::1 - - [03/Feb/2017:14:59:21 +0100] "GET /materialize/js/materialize.js HTTP/1.1" 304 -
::1 - - [03/Feb/2017:14:59:21 +0100] "GET /materialize/fonts/roboto/Roboto-Regular.woff2 HTTP/1.1" 304 -
::1 - - [03/Feb/2017:14:59:21 +0100] "GET /materialize/fonts/roboto/Roboto-Medium.woff2 HTTP/1.1" 304 -
::1 - - [03/Feb/2017:14:59:22 +0100] "GET /bootstrap_2/docs/favicon.ico HTTP/1.1" 200 5430
::1 - - [03/Feb/2017:15:02:36 +0100] "GET /index.php?page=inc/homepage.php HTTP/1.1" 200 7012
::1 - - [03/Feb/2017:15:02:36 +0100] "GET /index.php?page=inc/homepage.php HTTP/1.1" 200 7012
::1 - - [03/Feb/2017:15:02:36 +0100] "GET /css/custom.css HTTP/1.1" 304 -
::1 - - [03/Feb/2017:15:02:37 +0100] "GET /index.php?page=inc/homepage.php HTTP/1.1" 200 7012
::1 - - [03/Feb/2017:15:02:37 +0100] "GET /bootstrap_2/docs/favicon.ico HTTP/1.1" 200 5430
::1 - - [03/Feb/2017:15:02:37 +0100] "GET /bootstrap_2/docs/favicon.ico HTTP/1.1" 206 1
::1 - - [03/Feb/2017:15:02:37 +0100] "GET /bootstrap_2/docs/favicon.ico HTTP/1.1" 206 1632
