[Fri Feb 03 13:13:51.008717 2017] [mpm_winnt:notice] [pid 10112:tid 748] AH00455: Apache/2.4.6 (Win32) PHP/5.4.17 configured -- resuming normal operations
[Fri Feb 03 13:13:51.071218 2017] [mpm_winnt:notice] [pid 10112:tid 748] AH00456: Apache Lounge VC10 Server built: Jul 16 2013 11:15:41
[Fri Feb 03 13:13:51.071218 2017] [core:notice] [pid 10112:tid 748] AH00094: Command line: 'C:\\Users\\sylva\\Documents\\GitHub\\schoolwebsite/apache2/bin/httpd_usbwv8.exe -d C:/Users/sylva/Documents/GitHub/schoolwebsite/apache2'
[Fri Feb 03 13:13:51.619120 2017] [mpm_winnt:notice] [pid 10112:tid 748] AH00418: Parent: Created child process 8436
[Fri Feb 03 13:13:54.011130 2017] [mpm_winnt:notice] [pid 8436:tid 732] AH00354: Child: Starting 64 worker threads.
[Fri Feb 03 13:14:06.641242 2017] [:error] [pid 8436:tid 1252] [client ::1:3142] PHP Parse error:  syntax error, unexpected '?' in C:\\Users\\sylva\\Documents\\GitHub\\schoolwebsite\\root\\index.php on line 6
[Fri Feb 03 13:17:29.109776 2017] [:error] [pid 8436:tid 1248] [client ::1:3213] PHP Parse error:  syntax error, unexpected end of file in C:\\Users\\sylva\\Documents\\GitHub\\schoolwebsite\\root\\index.php on line 26
[Fri Feb 03 13:18:12.147044 2017] [:error] [pid 8436:tid 1244] [client ::1:3270] PHP Warning:  include(header.php): failed to open stream: No such file or directory in C:\\Users\\sylva\\Documents\\GitHub\\schoolwebsite\\root\\index.php on line 3
[Fri Feb 03 13:18:12.147044 2017] [:error] [pid 8436:tid 1244] [client ::1:3270] PHP Warning:  include(): Failed opening 'header.php' for inclusion (include_path='.;C:\\php\\pear') in C:\\Users\\sylva\\Documents\\GitHub\\schoolwebsite\\root\\index.php on line 3
[Fri Feb 03 13:18:12.148044 2017] [:error] [pid 8436:tid 1244] [client ::1:3270] PHP Warning:  include(navbar.php): failed to open stream: No such file or directory in C:\\Users\\sylva\\Documents\\GitHub\\schoolwebsite\\root\\index.php on line 4
[Fri Feb 03 13:18:12.148044 2017] [:error] [pid 8436:tid 1244] [client ::1:3270] PHP Warning:  include(): Failed opening 'navbar.php' for inclusion (include_path='.;C:\\php\\pear') in C:\\Users\\sylva\\Documents\\GitHub\\schoolwebsite\\root\\index.php on line 4
[Fri Feb 03 13:23:43.623464 2017] [:error] [pid 8436:tid 1248] [client ::1:3327] script 'C:/Users/sylva/Documents/GitHub/schoolwebsite/root/Sylvano.php' not found or unable to stat, referer: http://localhost:8080/?page=inc/Joas.php
[Fri Feb 03 13:24:10.675923 2017] [:error] [pid 8436:tid 1248] [client ::1:3334] script 'C:/Users/sylva/Documents/GitHub/schoolwebsite/root/Sylvano.php' not found or unable to stat, referer: http://localhost:8080/?page=inc/Joas.php
[Fri Feb 03 13:24:15.264408 2017] [:error] [pid 8436:tid 1248] [client ::1:3335] script 'C:/Users/sylva/Documents/GitHub/schoolwebsite/root/School.php' not found or unable to stat, referer: http://localhost:8080/?page=inc/Joas.php
[Fri Feb 03 13:25:16.603453 2017] [:error] [pid 8436:tid 1248] [client ::1:3337] script 'C:/Users/sylva/Documents/GitHub/schoolwebsite/root/Portfolio_keuze.php' not found or unable to stat, referer: http://localhost:8080/index.php
[Fri Feb 03 13:43:51.122152 2017] [:error] [pid 8436:tid 1252] [client ::1:3445] PHP Warning:  include(inc/opdrachten.php): failed to open stream: No such file or directory in C:\\Users\\sylva\\Documents\\GitHub\\schoolwebsite\\root\\index.php on line 34, referer: http://localhost:8080/index.php?page=inc/homepage.php
[Fri Feb 03 13:43:51.122152 2017] [:error] [pid 8436:tid 1252] [client ::1:3445] PHP Warning:  include(): Failed opening 'inc/opdrachten.php' for inclusion (include_path='.;C:\\php\\pear') in C:\\Users\\sylva\\Documents\\GitHub\\schoolwebsite\\root\\index.php on line 34, referer: http://localhost:8080/index.php?page=inc/homepage.php
[Fri Feb 03 13:45:37.833982 2017] [:error] [pid 8436:tid 1252] [client ::1:3459] PHP Warning:  include(inc/opdrachten.php): failed to open stream: No such file or directory in C:\\Users\\sylva\\Documents\\GitHub\\schoolwebsite\\root\\index.php on line 34, referer: http://localhost:8080/index.php?page=inc/homepage.php
[Fri Feb 03 13:45:37.834982 2017] [:error] [pid 8436:tid 1252] [client ::1:3459] PHP Warning:  include(): Failed opening 'inc/opdrachten.php' for inclusion (include_path='.;C:\\php\\pear') in C:\\Users\\sylva\\Documents\\GitHub\\schoolwebsite\\root\\index.php on line 34, referer: http://localhost:8080/index.php?page=inc/homepage.php
[Fri Feb 03 13:45:51.914756 2017] [:error] [pid 8436:tid 1252] [client ::1:3465] PHP Warning:  include(inc/tijd.php): failed to open stream: No such file or directory in C:\\Users\\sylva\\Documents\\GitHub\\schoolwebsite\\root\\index.php on line 38, referer: http://localhost:8080/index.php?page=inc/homepage.php
[Fri Feb 03 13:45:51.914756 2017] [:error] [pid 8436:tid 1252] [client ::1:3465] PHP Warning:  include(): Failed opening 'inc/tijd.php' for inclusion (include_path='.;C:\\php\\pear') in C:\\Users\\sylva\\Documents\\GitHub\\schoolwebsite\\root\\index.php on line 38, referer: http://localhost:8080/index.php?page=inc/homepage.php
[Fri Feb 03 14:47:06.698160 2017] [:error] [pid 8436:tid 1236] [client 192.168.2.3:46336] script 'C:/Users/sylva/Documents/GitHub/schoolwebsite/root/Portfolio_keuze.php' not found or unable to stat, referer: http://192.168.2.11:8080/?page=inc/homepage.php
