2017-02-03 13:13:37 4388 [Note] Plugin 'FEDERATED' is disabled.
2017-02-03 13:13:38 4388 [Note] InnoDB: The InnoDB memory heap is disabled
2017-02-03 13:13:38 4388 [Note] InnoDB: Mutexes and rw_locks use Windows interlocked functions
2017-02-03 13:13:38 4388 [Note] InnoDB: Compressed tables use zlib 1.2.3
2017-02-03 13:13:38 4388 [Note] InnoDB: Not using CPU crc32 instructions
2017-02-03 13:13:38 4388 [Note] InnoDB: Initializing buffer pool, size = 128.0M
2017-02-03 13:13:38 4388 [Note] InnoDB: Completed initialization of buffer pool
2017-02-03 13:13:39 4388 [Note] InnoDB: Setting log file C:\Users\sylva\Documents\GitHub\schoolwebsite\mysql\data\ib_logfile101 size to 5 MB
2017-02-03 13:13:39 4388 [Note] InnoDB: Setting log file C:\Users\sylva\Documents\GitHub\schoolwebsite\mysql\data\ib_logfile1 size to 5 MB
2017-02-03 13:13:41 4388 [Note] InnoDB: Renaming log file C:\Users\sylva\Documents\GitHub\schoolwebsite\mysql\data\ib_logfile101 to C:\Users\sylva\Documents\GitHub\schoolwebsite\mysql\data\ib_logfile0
2017-02-03 13:13:41 4388 [Warning] InnoDB: New log files created, LSN=1626134
2017-02-03 13:13:41 4388 [Note] InnoDB: Highest supported file format is Barracuda.
2017-02-03 13:13:47 4388 [Note] InnoDB: 128 rollback segment(s) are active.
2017-02-03 13:13:47 4388 [Note] InnoDB: Waiting for purge to start
2017-02-03 13:13:47 4388 [Note] InnoDB: 5.6.13 started; log sequence number 1626636
2017-02-03 13:13:49 4388 [Warning] No existing UUID has been found, so we assume that this is the first time that this server has been started. Generating a new UUID: 37f29241-ea0a-11e6-88fe-7a79195bd646.
2017-02-03 13:13:49 4388 [Note] Server hostname (bind-address): '*'; port: 3307
2017-02-03 13:13:49 4388 [Note] IPv6 is available.
2017-02-03 13:13:49 4388 [Note]   - '::' resolves to '::';
2017-02-03 13:13:49 4388 [Note] Server socket created on IP: '::'.
